<?xml version="1.0" encoding="UTF-8"?>
<testsuite name="com.jojoldu.book.springboot.web.IndexControolerTest" tests="1" skipped="0" failures="0" errors="0" timestamp="2020-01-31T15:00:59" hostname="Ownerui-MacBookPro.local" time="0.545">
  <properties/>
  <testcase name="메인페이지_로딩" classname="com.jojoldu.book.springboot.web.IndexControolerTest" time="0.545"/>
  <system-out><![CDATA[2020-02-01 00:00:46.004  INFO 1010 --- [    Test worker] .b.t.c.SpringBootTestContextBootstrapper : Neither @ContextConfiguration nor @ContextHierarchy found for test class [com.jojoldu.book.springboot.web.IndexControolerTest], using SpringBootContextLoader
2020-02-01 00:00:46.006  INFO 1010 --- [    Test worker] o.s.t.c.support.AbstractContextLoader    : Could not detect default resource locations for test class [com.jojoldu.book.springboot.web.IndexControolerTest]: no resource found for suffixes {-context.xml, Context.groovy}.
2020-02-01 00:00:46.006  INFO 1010 --- [    Test worker] t.c.s.AnnotationConfigContextLoaderUtils : Could not detect default configuration classes for test class [com.jojoldu.book.springboot.web.IndexControolerTest]: IndexControolerTest does not declare any static, non-private, non-final, nested classes annotated with @Configuration.
2020-02-01 00:00:46.009  INFO 1010 --- [    Test worker] .b.t.c.SpringBootTestContextBootstrapper : Found @SpringBootConfiguration com.jojoldu.book.springboot.Application for test class com.jojoldu.book.springboot.web.IndexControolerTest
2020-02-01 00:00:46.018  INFO 1010 --- [    Test worker] .b.t.c.SpringBootTestContextBootstrapper : Loaded default TestExecutionListener class names from location [META-INF/spring.factories]: [org.springframework.security.test.context.support.WithSecurityContextTestExecutionListener, org.springframework.security.test.context.support.ReactorContextTestExecutionListener, org.springframework.boot.test.autoconfigure.restdocs.RestDocsTestExecutionListener, org.springframework.boot.test.autoconfigure.web.client.MockRestServiceServerResetTestExecutionListener, org.springframework.boot.test.autoconfigure.web.servlet.MockMvcPrintOnlyOnFailureTestExecutionListener, org.springframework.boot.test.autoconfigure.web.servlet.WebDriverTestExecutionListener, org.springframework.boot.test.mock.mockito.MockitoTestExecutionListener, org.springframework.boot.test.mock.mockito.ResetMocksTestExecutionListener, org.springframework.test.context.web.ServletTestExecutionListener, org.springframework.test.context.support.DirtiesContextBeforeModesTestExecutionListener, org.springframework.test.context.support.DependencyInjectionTestExecutionListener, org.springframework.test.context.support.DirtiesContextTestExecutionListener, org.springframework.test.context.transaction.TransactionalTestExecutionListener, org.springframework.test.context.jdbc.SqlScriptsTestExecutionListener]
2020-02-01 00:00:46.039  INFO 1010 --- [    Test worker] .b.t.c.SpringBootTestContextBootstrapper : Using TestExecutionListeners: [org.springframework.test.context.web.ServletTestExecutionListener@1d93a9a1, org.springframework.test.context.support.DirtiesContextBeforeModesTestExecutionListener@22685544, org.springframework.boot.test.mock.mockito.MockitoTestExecutionListener@2c9b40b1, org.springframework.boot.test.autoconfigure.SpringBootDependencyInjectionTestExecutionListener@4a46258e, org.springframework.test.context.support.DirtiesContextTestExecutionListener@4a1853c6, org.springframework.test.context.transaction.TransactionalTestExecutionListener@2abafdb4, org.springframework.test.context.jdbc.SqlScriptsTestExecutionListener@5cd2be9a, org.springframework.security.test.context.support.WithSecurityContextTestExecutionListener@27c38adb, org.springframework.security.test.context.support.ReactorContextTestExecutionListener@2f4d6b86, org.springframework.boot.test.autoconfigure.restdocs.RestDocsTestExecutionListener@52676486, org.springframework.boot.test.autoconfigure.web.client.MockRestServiceServerResetTestExecutionListener@1b88263e, org.springframework.boot.test.autoconfigure.web.servlet.MockMvcPrintOnlyOnFailureTestExecutionListener@2026f2c6, org.springframework.boot.test.autoconfigure.web.servlet.WebDriverTestExecutionListener@6473ac1f, org.springframework.boot.test.mock.mockito.ResetMocksTestExecutionListener@d59a743]

  .   ____          _            __ _ _
 /\\ / ___'_ __ _ _(_)_ __  __ _ \ \ \ \
( ( )\___ | '_ | '_| | '_ \/ _` | \ \ \ \
 \\/  ___)| |_)| | | | | || (_| |  ) ) ) )
  '  |____| .__|_| |_|_| |_\__, | / / / /
 =========|_|==============|___/=/_/_/_/
 :: Spring Boot ::        (v2.1.7.RELEASE)

2020-02-01 00:00:46.123  INFO 1010 --- [    Test worker] c.j.b.s.web.IndexControolerTest          : Starting IndexControolerTest on Ownerui-MacBookPro.local with PID 1010 (started by owner in /Users/owner/IdeaProjects/freelec-springboot2-webservice)
2020-02-01 00:00:46.123  INFO 1010 --- [    Test worker] c.j.b.s.web.IndexControolerTest          : No active profile set, falling back to default profiles: default
2020-02-01 00:00:47.063  INFO 1010 --- [    Test worker] .s.d.r.c.RepositoryConfigurationDelegate : Bootstrapping Spring Data repositories in DEFAULT mode.
2020-02-01 00:00:47.210  INFO 1010 --- [    Test worker] .s.d.r.c.RepositoryConfigurationDelegate : Finished Spring Data repository scanning in 133ms. Found 2 repository interfaces.
2020-02-01 00:00:47.863  INFO 1010 --- [    Test worker] trationDelegate$BeanPostProcessorChecker : Bean 'org.springframework.transaction.annotation.ProxyTransactionManagementConfiguration' of type [org.springframework.transaction.annotation.ProxyTransactionManagementConfiguration$$EnhancerBySpringCGLIB$$eb38a130] is not eligible for getting processed by all BeanPostProcessors (for example: not eligible for auto-proxying)
2020-02-01 00:00:48.571  INFO 1010 --- [    Test worker] o.s.b.w.embedded.tomcat.TomcatWebServer  : Tomcat initialized with port(s): 0 (http)
2020-02-01 00:00:48.660  INFO 1010 --- [    Test worker] o.apache.catalina.core.StandardService   : Starting service [Tomcat]
2020-02-01 00:00:48.663  INFO 1010 --- [    Test worker] org.apache.catalina.core.StandardEngine  : Starting Servlet engine: [Apache Tomcat/9.0.22]
2020-02-01 00:00:49.114  INFO 1010 --- [    Test worker] o.a.c.c.C.[Tomcat].[localhost].[/]       : Initializing Spring embedded WebApplicationContext
2020-02-01 00:00:49.117  INFO 1010 --- [    Test worker] o.s.web.context.ContextLoader            : Root WebApplicationContext: initialization completed in 2990 ms
2020-02-01 00:00:49.746  INFO 1010 --- [    Test worker] com.zaxxer.hikari.HikariDataSource       : HikariPool-1 - Starting...
2020-02-01 00:00:50.477  INFO 1010 --- [    Test worker] com.zaxxer.hikari.HikariDataSource       : HikariPool-1 - Start completed.
2020-02-01 00:00:50.710  INFO 1010 --- [    Test worker] o.hibernate.jpa.internal.util.LogHelper  : HHH000204: Processing PersistenceUnitInfo [
	name: default
	...]
2020-02-01 00:00:50.916  INFO 1010 --- [    Test worker] org.hibernate.Version                    : HHH000412: Hibernate Core {5.3.10.Final}
2020-02-01 00:00:50.919  INFO 1010 --- [    Test worker] org.hibernate.cfg.Environment            : HHH000206: hibernate.properties not found
2020-02-01 00:00:51.102  INFO 1010 --- [    Test worker] o.hibernate.annotations.common.Version   : HCANN000001: Hibernate Commons Annotations {5.0.4.Final}
2020-02-01 00:00:51.625  INFO 1010 --- [    Test worker] org.hibernate.dialect.Dialect            : HHH000400: Using dialect: org.hibernate.dialect.MySQL5InnoDBDialect
Hibernate: drop table if exists posts
Hibernate: drop table if exists user
Hibernate: create table posts (id bigint not null auto_increment, created_date datetime, modified_date datetime, author varchar(255), content TEXT not null, title varchar(500) not null, primary key (id)) engine=InnoDB
Hibernate: create table user (id bigint not null auto_increment, created_date datetime, modified_date datetime, email varchar(255) not null, name varchar(255) not null, picture varchar(255), role varchar(255) not null, primary key (id)) engine=InnoDB
2020-02-01 00:00:55.179  INFO 1010 --- [    Test worker] o.h.t.schema.internal.SchemaCreatorImpl  : HHH000476: Executing import script 'org.hibernate.tool.schema.internal.exec.ScriptSourceInputNonExistentImpl@6b034af6'
2020-02-01 00:00:55.190  INFO 1010 --- [    Test worker] j.LocalContainerEntityManagerFactoryBean : Initialized JPA EntityManagerFactory for persistence unit 'default'
2020-02-01 00:00:57.167  INFO 1010 --- [    Test worker] o.h.h.i.QueryTranslatorFactoryInitiator  : HHH000397: Using ASTQueryTranslatorFactory
2020-02-01 00:00:57.807  INFO 1010 --- [    Test worker] o.s.s.web.DefaultSecurityFilterChain     : Creating filter chain: any request, [org.springframework.security.web.context.request.async.WebAsyncManagerIntegrationFilter@71974ec0, org.springframework.security.web.context.SecurityContextPersistenceFilter@16198028, org.springframework.security.web.header.HeaderWriterFilter@39f3fac1, org.springframework.security.web.authentication.logout.LogoutFilter@7ae5b86a, org.springframework.security.oauth2.client.web.OAuth2AuthorizationRequestRedirectFilter@5d73634, org.springframework.security.oauth2.client.web.OAuth2LoginAuthenticationFilter@1a5144f6, org.springframework.security.web.authentication.ui.DefaultLoginPageGeneratingFilter@20a77496, org.springframework.security.web.authentication.ui.DefaultLogoutPageGeneratingFilter@5a8862f3, org.springframework.security.web.savedrequest.RequestCacheAwareFilter@4aac99ef, org.springframework.security.web.servletapi.SecurityContextHolderAwareRequestFilter@6caf4789, org.springframework.security.web.authentication.AnonymousAuthenticationFilter@4aeefba0, org.springframework.security.web.session.SessionManagementFilter@77177a70, org.springframework.security.web.access.ExceptionTranslationFilter@efa5266, org.springframework.security.web.access.intercept.FilterSecurityInterceptor@32681a45]
2020-02-01 00:00:58.161  INFO 1010 --- [    Test worker] o.s.s.concurrent.ThreadPoolTaskExecutor  : Initializing ExecutorService 'applicationTaskExecutor'
2020-02-01 00:00:58.194  WARN 1010 --- [    Test worker] aWebConfiguration$JpaWebMvcConfiguration : spring.jpa.open-in-view is enabled by default. Therefore, database queries may be performed during view rendering. Explicitly configure spring.jpa.open-in-view to disable this warning
2020-02-01 00:00:58.278  INFO 1010 --- [    Test worker] o.s.b.a.w.s.WelcomePageHandlerMapping    : Adding welcome page template: index
2020-02-01 00:00:59.010  INFO 1010 --- [    Test worker] s.a.ScheduledAnnotationBeanPostProcessor : No TaskScheduler/ScheduledExecutorService bean found for scheduled processing
2020-02-01 00:00:59.103  INFO 1010 --- [    Test worker] o.s.b.w.embedded.tomcat.TomcatWebServer  : Tomcat started on port(s): 50146 (http) with context path ''
2020-02-01 00:00:59.105  INFO 1010 --- [    Test worker] c.j.b.s.web.IndexControolerTest          : Started IndexControolerTest in 13.058 seconds (JVM running for 22.946)
2020-02-01 00:00:59.315  INFO 1010 --- [o-auto-1-exec-1] o.a.c.c.C.[Tomcat].[localhost].[/]       : Initializing Spring DispatcherServlet 'dispatcherServlet'
2020-02-01 00:00:59.316  INFO 1010 --- [o-auto-1-exec-1] o.s.web.servlet.DispatcherServlet        : Initializing Servlet 'dispatcherServlet'
2020-02-01 00:00:59.400  INFO 1010 --- [o-auto-1-exec-1] o.s.web.servlet.DispatcherServlet        : Completed initialization in 83 ms
Hibernate: select posts0_.id as id1_0_, posts0_.created_date as created_2_0_, posts0_.modified_date as modified3_0_, posts0_.author as author4_0_, posts0_.content as content5_0_, posts0_.title as title6_0_ from posts posts0_ order by posts0_.id DESC
]]></system-out>
  <system-err><![CDATA[]]></system-err>
</testsuite>
